Mon Feb 21 15:16:43 CET 2022 : Servidor de red Apache Derby: Se ha iniciado 10.14.2.0 - (1828579) y está listo para aceptar las conexiones en el puerto 1527
----------------------------------------------------------------
Mon Feb 21 15:16:45 CET 2022:
 Iniciando instancia a816c00e-017f-1ca4-49fa-000010595d1b de Derby, versión The Apache Software Foundation - Apache Derby - 10.14.2.0 - (1828579): 
en el directorio de base de datos C:\Users\David\Documents\2-DAM\PMDM\Práctica06\Proyecto6\database\practica6 con el cargador de clases jdk.internal.loader.ClassLoaders$AppClassLoader@73d16e93
Cargado desde file:/C:/Users/David/GlassFish/javadb/lib/derby.jar
java.vendor=Oracle Corporation
java.runtime.version=16.0.1+9-24
user.dir=C:\Users\David\GlassFish\javadb
os.name=Windows 10
os.arch=amd64
os.version=10.0
derby.system.home=C:\Users\David\Documents\2-DAM\PMDM\Práctica06\Proyecto6\database
Cargador de clases de base de datos iniciado - derby.database.classpath=''
----------------------------------------------------------------
Mon Feb 21 16:33:17 CET 2022: cerrando motor de Derby
----------------------------------------------------------------
Mon Feb 21 16:33:17 CET 2022:
Cerrando la instancia a816c00e-017f-1ca4-49fa-000010595d1b en el directorio de base de datos C:\Users\David\Documents\2-DAM\PMDM\Práctica06\Proyecto6\database\practica6 con cargador de clases jdk.internal.loader.ClassLoaders$AppClassLoader@73d16e93
----------------------------------------------------------------
