Wed Feb 16 21:25:03 CET 2022 : Servidor de red Apache Derby: Se ha iniciado 10.14.2.0 - (1828579) y está listo para aceptar las conexiones en el puerto 1527
----------------------------------------------------------------
Wed Feb 16 21:25:05 CET 2022:
 Iniciando instancia a816c00e-017f-0435-b734-000031b1e839 de Derby, versión The Apache Software Foundation - Apache Derby - 10.14.2.0 - (1828579): 
en el directorio de base de datos /home/alumno/Documentos/Java22_DavidBernalNavarrete/database/java22 con el cargador de clases jdk.internal.loader.ClassLoaders$AppClassLoader@4b85612c
Cargado desde file:/opt/netbeans-12.0/GlassFish_Server/javadb/lib/derby.jar
java.vendor=Oracle Corporation
java.runtime.version=11.0.11+9-LTS-194
user.dir=/opt/netbeans-12.0/GlassFish_Server/javadb
os.name=Linux
os.arch=amd64
os.version=4.4.0-210-generic
derby.system.home=/home/alumno/Documentos/Java22_DavidBernalNavarrete/database
Cargador de clases de base de datos iniciado - derby.database.classpath=''
----------------------------------------------------------------
Wed Feb 16 21:26:31 CET 2022: cerrando motor de Derby
----------------------------------------------------------------
Wed Feb 16 21:26:31 CET 2022:
Cerrando la instancia a816c00e-017f-0435-b734-000031b1e839 en el directorio de base de datos /home/alumno/Documentos/Java22_DavidBernalNavarrete/database/java22 con cargador de clases jdk.internal.loader.ClassLoaders$AppClassLoader@4b85612c
----------------------------------------------------------------
