Mon Jan 31 18:44:20 CET 2022 : Servidor de red Apache Derby: Se ha iniciado 10.14.2.0 - (1828579) y está listo para aceptar las conexiones en el puerto 1527
----------------------------------------------------------------
Mon Jan 31 18:44:21 CET 2022:
 Iniciando instancia a816c00e-017e-b13c-d406-ffffaf75bed7 de Derby, versión The Apache Software Foundation - Apache Derby - 10.14.2.0 - (1828579): 
en el directorio de base de datos C:\Users\David\Documents\2-DAM\PMDM\Práctica06\Practica06\data\practica6\practica6 con el cargador de clases jdk.internal.loader.ClassLoaders$AppClassLoader@73d16e93
Cargado desde file:/C:/Users/David/GlassFish/javadb/lib/derby.jar
java.vendor=Oracle Corporation
java.runtime.version=16.0.1+9-24
user.dir=C:\Users\David\GlassFish\javadb
os.name=Windows 10
os.arch=amd64
os.version=10.0
derby.system.home=C:\Users\David\Documents\2-DAM\PMDM\Práctica06\Practica06\data\practica6
Cargador de clases de base de datos iniciado - derby.database.classpath=''
----------------------------------------------------------------
Mon Jan 31 18:44:22 CET 2022:
Cerrando la instancia a816c00e-017e-b13c-d406-ffffaf75bed7 en el directorio de base de datos C:\Users\David\Documents\2-DAM\PMDM\Práctica06\Practica06\data\practica6\practica6 con cargador de clases jdk.internal.loader.ClassLoaders$AppClassLoader@73d16e93
Mon Jan 31 18:44:22 CET 2022 Thread[DRDAConnThread_3,5,main] (DATABASE = practica6), (DRDAID = {2}), Cierre de la base de datos 'practica6'.
----------------------------------------------------------------
Mon Jan 31 18:44:25 CET 2022:
 Iniciando instancia 6ede40af-017e-b13c-d406-ffffaf75bed7 de Derby, versión The Apache Software Foundation - Apache Derby - 10.14.2.0 - (1828579): 
en el directorio de base de datos C:\Users\David\Documents\2-DAM\PMDM\Práctica06\Practica06\data\practica6\practica6 con el cargador de clases jdk.internal.loader.ClassLoaders$AppClassLoader@73d16e93
Cargado desde file:/C:/Users/David/GlassFish/javadb/lib/derby.jar
java.vendor=Oracle Corporation
java.runtime.version=16.0.1+9-24
user.dir=C:\Users\David\GlassFish\javadb
os.name=Windows 10
os.arch=amd64
os.version=10.0
derby.system.home=C:\Users\David\Documents\2-DAM\PMDM\Práctica06\Practica06\data\practica6
Cargador de clases de base de datos iniciado - derby.database.classpath=''
----------------------------------------------------------------
Mon Jan 31 18:46:26 CET 2022:
Cerrando la instancia 6ede40af-017e-b13c-d406-ffffaf75bed7 en el directorio de base de datos C:\Users\David\Documents\2-DAM\PMDM\Práctica06\Practica06\data\practica6\practica6 con cargador de clases jdk.internal.loader.ClassLoaders$AppClassLoader@73d16e93
Mon Jan 31 18:46:26 CET 2022 Thread[DRDAConnThread_3,5,main] (DATABASE = practica6), (DRDAID = {4}), Cierre de la base de datos 'practica6'.
----------------------------------------------------------------
Mon Jan 31 18:47:29 CET 2022: cerrando motor de Derby
----------------------------------------------------------------
