Fri Jan 28 04:43:36 CET 2022 : Servidor de red Apache Derby: Se ha iniciado 10.14.2.0 - (1828579) y está listo para aceptar las conexiones en el puerto 1527
----------------------------------------------------------------
Fri Jan 28 04:43:36 CET 2022:
 Iniciando instancia a816c00e-017e-9ec8-0748-ffffcfd2ead4 de Derby, versión The Apache Software Foundation - Apache Derby - 10.14.2.0 - (1828579): 
en el directorio de base de datos C:\Users\David\Documents\2-DAM\PMDM\Práctica06\Practica06\data\practica6 con el cargador de clases jdk.internal.loader.ClassLoaders$AppClassLoader@73d16e93
Cargado desde file:/C:/Users/David/GlassFish_Server/javadb/lib/derby.jar
java.vendor=Oracle Corporation
java.runtime.version=16+36-2231
user.dir=C:\Users\David\GlassFish_Server\javadb
os.name=Windows 10
os.arch=amd64
os.version=10.0
derby.system.home=C:\Users\David\Documents\2-DAM\PMDM\Práctica06\Practica06\data
Cargador de clases de base de datos iniciado - derby.database.classpath=''
----------------------------------------------------------------
Fri Jan 28 04:43:37 CET 2022:
Cerrando la instancia a816c00e-017e-9ec8-0748-ffffcfd2ead4 en el directorio de base de datos C:\Users\David\Documents\2-DAM\PMDM\Práctica06\Practica06\data\practica6 con cargador de clases jdk.internal.loader.ClassLoaders$AppClassLoader@73d16e93
Fri Jan 28 04:43:37 CET 2022 Thread[DRDAConnThread_2,5,main] (DATABASE = practica6), (DRDAID = {2}), Cierre de la base de datos 'practica6'.
----------------------------------------------------------------
Fri Jan 28 04:44:03 CET 2022:
 Iniciando instancia 6ede40af-017e-9ec8-0748-ffffcfd2ead4 de Derby, versión The Apache Software Foundation - Apache Derby - 10.14.2.0 - (1828579): 
en el directorio de base de datos C:\Users\David\Documents\2-DAM\PMDM\Práctica06\Practica06\data\practica6 con el cargador de clases jdk.internal.loader.ClassLoaders$AppClassLoader@73d16e93
Cargado desde file:/C:/Users/David/GlassFish_Server/javadb/lib/derby.jar
java.vendor=Oracle Corporation
java.runtime.version=16+36-2231
user.dir=C:\Users\David\GlassFish_Server\javadb
os.name=Windows 10
os.arch=amd64
os.version=10.0
derby.system.home=C:\Users\David\Documents\2-DAM\PMDM\Práctica06\Practica06\data
Cargador de clases de base de datos iniciado - derby.database.classpath=''
----------------------------------------------------------------
Fri Jan 28 05:45:33 CET 2022: cerrando motor de Derby
----------------------------------------------------------------
Fri Jan 28 05:45:33 CET 2022:
Cerrando la instancia 6ede40af-017e-9ec8-0748-ffffcfd2ead4 en el directorio de base de datos C:\Users\David\Documents\2-DAM\PMDM\Práctica06\Practica06\data\practica6 con cargador de clases jdk.internal.loader.ClassLoaders$AppClassLoader@73d16e93
----------------------------------------------------------------
